<?xml version="1.0" encoding="UTF-8"?>
<Site BuildName="Linux-g++"
	BuildStamp="20240527-0147-Experimental"
	Name="a5a4bef02f65"
	Generator="ctest-3.28.3"
	CompilerName="/usr/bin/g++"
	CompilerVersion="13.2.0"
	OSName="Linux"
	Hostname="a5a4bef02f65"
	OSRelease="5.15.49-linuxkit"
	OSVersion="#1 SMP Tue Sep 13 07:51:46 UTC 2022"
	OSPlatform="x86_64"
	Is64Bits="1"
	VendorString="AuthenticAMD"
	VendorID="Advanced Micro Devices"
	FamilyID="25"
	ModelID="80"
	ProcessorCacheSize="512"
	NumberOfLogicalCPU="6"
	NumberOfPhysicalCPU="3"
	TotalVirtualMemory="1023"
	TotalPhysicalMemory="1953"
	LogicalProcessorsPerPhysical="2"
	ProcessorClockFrequency="3892.54"
	>
	<Testing>
		<StartDateTime>May 26 20:52 -08</StartDateTime>
		<StartTestTime>1716785522</StartTestTime>
		<TestList/>
		<EndDateTime>May 26 20:52 -08</EndDateTime>
		<EndTestTime>1716785522</EndTestTime>
		<ElapsedMinutes>0</ElapsedMinutes>
	</Testing>
</Site>
